System Name        : Windows_NT
Machine Name       : DOMBOVARI-PC
User Name          : dombovari
Source System      : STEP
Destination System : GENERIC
Start Time         : Sun Dec 20 22:52:35 2015

--------------------------------------------------------------------------------
Message : === Translation Options ===
Message : PropagateColDownwards : true
Message : TranslateAttributes : true
Message : TranslateSheetBodies : true
Message : TranslateSolidAsSolid : true
Message : Step.Brep.TranslateSolidAsClassIV : false
Message : Step.Brep.TranslateSolidAsClassIISurface : false
Message : Step.Brep.TranslateSolidAsClassIIWires : false
Message : Step.Brep.WriteSolidClass3 : false
Message : Step.Brep.ConvTrimToClassIVFaces : true
Message : Step.Brep.ConvTrimToClassIIFaces : false
Message : Step.Brep.ConvTrimToClassIIIWires : false
Message : Step.Brep.ConvTrimToClassIIWires : false
Message : Step.Brep.TranslateWireAsClassIIIWires : false
Message : Step.Brep.TranslateWireAsClassIIWires : true
Message : Unit : 5
Message : Step.Brep.TranslateAsAp214Format : false
Message : Step.Brep.WriteAssemAsCtxtDepShapeRep : false
Message : ClassVIAsTrimStitch : false
Message : Step.Brep.ProductDefBasedRead : true
Message : SewFaces : true
Message : Step.Brep.TranslateClassIVFaces : true
Message : Step.Brep.TranslateClassIIFaces : true
Message : Step.Brep.TranslateClassIIIWires : true
Message : Step.Brep.ReadProduct1stField : true
Message : Step.Brep.TranslateClassVFacetedSolid : true
Message : Step.Brep.TranslateClassVISolid : true
Message : Step.Brep.TranslateClassIIWires : true
Message : TranslateProductIdAttributes : true
Message : SetStringentCheckOption : true
Message : RollbackSewOnError : true
Message : Step.Brep.InterpretAngleAsDegree : true
Message : Step.Brep.OverrideFaceColorWithBodyColor : false
Message : FixFaceFaceInconsistency : true
Message : TranslateFreePoints : true
Message : TranslateLayersAndFilters : false
Message : Step.AuthorName :   
Message : Step.OrganizationName :   
Message : Step.Authorization :   
Message : Step.ProgramName :   
Message : Step.DateTimeStamp :   
Message : Step.ObjectId :   
Message : Step.FileDescription : STEP AP203
Message : Step.ImplementationLevel : 1
Message : Step.SchemaName : CONFIG_CONTROL_DESIGN
Message : Step.PreProcessorVersion : XStep 1.0
Message : Representation : BRep+NewAssembly
Message : ===========================
--------------------------------------------------------------------------------
Start BRep
--------------------------------------------------------------------------------
----------------------------File Header Information-----------------------------

FILE_DESCRIPTION DATA
File Description     : 'STEP AP214'
Implementation Level : 1

FILE_NAME DATA
File Name            : blade_model.STEP
Date Time Stamp      : 2011-07-08T16:26:13
Author               : 'Gumbo'
Organization         : ''
PreProcessor Version : SwSTEP 2.0
Originating System   : SolidWorks 2010
Authorization        : 

FILE_SCHEMA DATA
File Schema Name     : 'AUTOMOTIVE_DESIGN'
--------------------------------------------------------------------------------
--------------------------------------------------------------------------------
End BRep
Result : Success
--------------------------------------------------------------------------------
--------------------------------------------------------------------------------
Start NewAssembly
--------------------------------------------------------------------------------
--------------------------------------------------------------------------------
End NewAssembly
Result : Success
--------------------------------------------------------------------------------
--------------------------------------------------------------------------------
-------------------------------Conversion Summary-------------------------------
No. of Assemblies                         :    0
No. of Solid Bodies                       :    1
No. of Trim Bodies                        :    0
No. of Wire Bodies                        :    0
No. of Point Bodies                       :    0
No. of Mixed Bodies		 : 0
No. of Point Bodies        : 0
--------------------------------------------------------------------------------
--------------------------------------------------------------------------------
Finish Time : Sun Dec 20 22:53:07 2015

Translation Result : Success
--------------------------------------------------------------------------------
